[2022-02-18 17:32:54 UTC-05:00] [info] [] Cyber Engine Tweaks startup complete.
[2022-02-18 17:33:21 UTC-05:00] [info] [] LuaVM: initialization finished!
[2022-02-18 18:57:19 UTC-05:00] [info] [] Cyber Engine Tweaks startup complete.
[2022-02-18 18:57:45 UTC-05:00] [info] [] LuaVM: initialization finished!
[2022-02-18 19:10:25 UTC-05:00] [info] [] Cyber Engine Tweaks startup complete.
[2022-02-18 19:10:25 UTC-05:00] [info] [] Mod Disable Loading Cinematics loaded! ('C:\Program Files (x86)\Steam\steamapps\common\Cyberpunk 2077\bin\x64\plugins\cyber_engine_tweaks\mods\Disable Loading Cinematics')
[2022-02-18 19:10:49 UTC-05:00] [info] [] LuaVM: initialization finished!
[2022-02-18 19:18:05 UTC-05:00] [info] [] > Game.GiveDevPoints("Attribute", 1)
[2022-02-18 19:18:30 UTC-05:00] [info] [] > Game.GiveDevPoints("Attribute", -1)
[2022-02-18 21:30:29 UTC-05:00] [info] [] Cyber Engine Tweaks startup complete.
[2022-02-18 21:30:29 UTC-05:00] [info] [] Mod Disable Loading Cinematics loaded! ('C:\Program Files (x86)\Steam\steamapps\common\Cyberpunk 2077\bin\x64\plugins\cyber_engine_tweaks\mods\Disable Loading Cinematics')
[2022-02-18 21:30:29 UTC-05:00] [info] [] Mod Hide Armor loaded! ('C:\Program Files (x86)\Steam\steamapps\common\Cyberpunk 2077\bin\x64\plugins\cyber_engine_tweaks\mods\Hide Armor')
[2022-02-18 21:30:29 UTC-05:00] [info] [] Mod nativeSettings loaded! ('C:\Program Files (x86)\Steam\steamapps\common\Cyberpunk 2077\bin\x64\plugins\cyber_engine_tweaks\mods\nativeSettings')
[2022-02-18 21:30:54 UTC-05:00] [info] [] [NativeSettings] NativeSettings lib initialized!
[2022-02-18 21:30:54 UTC-05:00] [info] [] LuaVM: initialization finished!
[2022-02-18 21:38:31 UTC-05:00] [info] [] Cyber Engine Tweaks startup complete.
[2022-02-18 21:38:31 UTC-05:00] [info] [] Mod Disable Loading Cinematics loaded! ('C:\Program Files (x86)\Steam\steamapps\common\Cyberpunk 2077\bin\x64\plugins\cyber_engine_tweaks\mods\Disable Loading Cinematics')
[2022-02-18 21:38:31 UTC-05:00] [info] [] Mod Hide Armor loaded! ('C:\Program Files (x86)\Steam\steamapps\common\Cyberpunk 2077\bin\x64\plugins\cyber_engine_tweaks\mods\Hide Armor')
[2022-02-18 21:38:31 UTC-05:00] [info] [] Mod nativeSettings loaded! ('C:\Program Files (x86)\Steam\steamapps\common\Cyberpunk 2077\bin\x64\plugins\cyber_engine_tweaks\mods\nativeSettings')
[2022-02-18 21:39:22 UTC-05:00] [info] [] [NativeSettings] NativeSettings lib initialized!
[2022-02-18 21:39:22 UTC-05:00] [info] [] LuaVM: initialization finished!
[2022-02-18 23:01:28 UTC-05:00] [info] [] > Game.AddToInventory("Items.money", 40000)
[2022-02-18 23:24:23 UTC-05:00] [info] [] Cyber Engine Tweaks startup complete.
[2022-02-18 23:24:23 UTC-05:00] [info] [] Mod Disable Loading Cinematics loaded! ('C:\Program Files (x86)\Steam\steamapps\common\Cyberpunk 2077\bin\x64\plugins\cyber_engine_tweaks\mods\Disable Loading Cinematics')
[2022-02-18 23:24:23 UTC-05:00] [info] [] Mod Hide Armor loaded! ('C:\Program Files (x86)\Steam\steamapps\common\Cyberpunk 2077\bin\x64\plugins\cyber_engine_tweaks\mods\Hide Armor')
[2022-02-18 23:24:23 UTC-05:00] [info] [] Mod nativeSettings loaded! ('C:\Program Files (x86)\Steam\steamapps\common\Cyberpunk 2077\bin\x64\plugins\cyber_engine_tweaks\mods\nativeSettings')
[2022-02-18 23:25:15 UTC-05:00] [info] [] [NativeSettings] NativeSettings lib initialized!
[2022-02-18 23:25:15 UTC-05:00] [info] [] LuaVM: initialization finished!
[2022-02-18 23:28:41 UTC-05:00] [info] [] Cyber Engine Tweaks startup complete.
[2022-02-18 23:28:41 UTC-05:00] [info] [] Mod Disable Loading Cinematics loaded! ('C:\Program Files (x86)\Steam\steamapps\common\Cyberpunk 2077\bin\x64\plugins\cyber_engine_tweaks\mods\Disable Loading Cinematics')
[2022-02-18 23:28:41 UTC-05:00] [info] [] Mod Hide Armor loaded! ('C:\Program Files (x86)\Steam\steamapps\common\Cyberpunk 2077\bin\x64\plugins\cyber_engine_tweaks\mods\Hide Armor')
[2022-02-18 23:28:41 UTC-05:00] [info] [] Mod nativeSettings loaded! ('C:\Program Files (x86)\Steam\steamapps\common\Cyberpunk 2077\bin\x64\plugins\cyber_engine_tweaks\mods\nativeSettings')
[2022-02-18 23:29:34 UTC-05:00] [info] [] [NativeSettings] NativeSettings lib initialized!
[2022-02-18 23:29:34 UTC-05:00] [info] [] LuaVM: initialization finished!
[2022-02-19 10:44:41 UTC-05:00] [info] [] Cyber Engine Tweaks startup complete.
[2022-02-19 10:44:41 UTC-05:00] [info] [] Mod Disable Loading Cinematics loaded! ('C:\Program Files (x86)\Steam\steamapps\common\Cyberpunk 2077\bin\x64\plugins\cyber_engine_tweaks\mods\Disable Loading Cinematics')
[2022-02-19 10:44:41 UTC-05:00] [info] [] Mod Hide Armor loaded! ('C:\Program Files (x86)\Steam\steamapps\common\Cyberpunk 2077\bin\x64\plugins\cyber_engine_tweaks\mods\Hide Armor')
[2022-02-19 10:44:41 UTC-05:00] [info] [] Mod nativeSettings loaded! ('C:\Program Files (x86)\Steam\steamapps\common\Cyberpunk 2077\bin\x64\plugins\cyber_engine_tweaks\mods\nativeSettings')
[2022-02-19 10:45:35 UTC-05:00] [info] [] [NativeSettings] NativeSettings lib initialized!
[2022-02-19 10:45:35 UTC-05:00] [info] [] LuaVM: initialization finished!
[2022-02-19 11:15:24 UTC-05:00] [info] [] Cyber Engine Tweaks startup complete.
[2022-02-19 11:15:24 UTC-05:00] [info] [] Mod Disable Loading Cinematics loaded! ('C:\Program Files (x86)\Steam\steamapps\common\Cyberpunk 2077\bin\x64\plugins\cyber_engine_tweaks\mods\Disable Loading Cinematics')
[2022-02-19 11:15:24 UTC-05:00] [info] [] Mod Hide Armor loaded! ('C:\Program Files (x86)\Steam\steamapps\common\Cyberpunk 2077\bin\x64\plugins\cyber_engine_tweaks\mods\Hide Armor')
[2022-02-19 11:15:24 UTC-05:00] [info] [] Mod nativeSettings loaded! ('C:\Program Files (x86)\Steam\steamapps\common\Cyberpunk 2077\bin\x64\plugins\cyber_engine_tweaks\mods\nativeSettings')
[2022-02-19 11:16:15 UTC-05:00] [info] [] [NativeSettings] NativeSettings lib initialized!
[2022-02-19 11:16:15 UTC-05:00] [info] [] LuaVM: initialization finished!
[2022-02-19 11:22:13 UTC-05:00] [info] [] Cyber Engine Tweaks startup complete.
[2022-02-19 11:22:13 UTC-05:00] [info] [] Mod Disable Loading Cinematics loaded! ('C:\Program Files (x86)\Steam\steamapps\common\Cyberpunk 2077\bin\x64\plugins\cyber_engine_tweaks\mods\Disable Loading Cinematics')
[2022-02-19 11:22:13 UTC-05:00] [info] [] Mod Hide Armor loaded! ('C:\Program Files (x86)\Steam\steamapps\common\Cyberpunk 2077\bin\x64\plugins\cyber_engine_tweaks\mods\Hide Armor')
[2022-02-19 11:22:13 UTC-05:00] [info] [] Mod nativeSettings loaded! ('C:\Program Files (x86)\Steam\steamapps\common\Cyberpunk 2077\bin\x64\plugins\cyber_engine_tweaks\mods\nativeSettings')
[2022-02-19 11:23:05 UTC-05:00] [info] [] [NativeSettings] NativeSettings lib initialized!
[2022-02-19 11:23:05 UTC-05:00] [info] [] LuaVM: initialization finished!
[2022-02-19 11:39:03 UTC-05:00] [info] [] Cyber Engine Tweaks startup complete.
[2022-02-19 11:39:03 UTC-05:00] [info] [] Mod Disable Loading Cinematics loaded! ('C:\Program Files (x86)\Steam\steamapps\common\Cyberpunk 2077\bin\x64\plugins\cyber_engine_tweaks\mods\Disable Loading Cinematics')
[2022-02-19 11:39:03 UTC-05:00] [info] [] Mod Hide Armor loaded! ('C:\Program Files (x86)\Steam\steamapps\common\Cyberpunk 2077\bin\x64\plugins\cyber_engine_tweaks\mods\Hide Armor')
[2022-02-19 11:39:03 UTC-05:00] [info] [] Mod nativeSettings loaded! ('C:\Program Files (x86)\Steam\steamapps\common\Cyberpunk 2077\bin\x64\plugins\cyber_engine_tweaks\mods\nativeSettings')
[2022-02-19 11:39:55 UTC-05:00] [info] [] [NativeSettings] NativeSettings lib initialized!
[2022-02-19 11:39:55 UTC-05:00] [info] [] LuaVM: initialization finished!
[2022-02-19 11:48:44 UTC-05:00] [info] [] Cyber Engine Tweaks startup complete.
[2022-02-19 11:48:45 UTC-05:00] [info] [] Mod Disable Loading Cinematics loaded! ('C:\Program Files (x86)\Steam\steamapps\common\Cyberpunk 2077\bin\x64\plugins\cyber_engine_tweaks\mods\Disable Loading Cinematics')
[2022-02-19 11:48:45 UTC-05:00] [info] [] Mod Hide Armor loaded! ('C:\Program Files (x86)\Steam\steamapps\common\Cyberpunk 2077\bin\x64\plugins\cyber_engine_tweaks\mods\Hide Armor')
[2022-02-19 11:48:45 UTC-05:00] [info] [] Mod nativeSettings loaded! ('C:\Program Files (x86)\Steam\steamapps\common\Cyberpunk 2077\bin\x64\plugins\cyber_engine_tweaks\mods\nativeSettings')
[2022-02-19 11:49:38 UTC-05:00] [info] [] [NativeSettings] NativeSettings lib initialized!
[2022-02-19 11:49:38 UTC-05:00] [info] [] LuaVM: initialization finished!
[2022-02-19 12:01:42 UTC-05:00] [info] [] Cyber Engine Tweaks startup complete.
[2022-02-19 12:01:42 UTC-05:00] [info] [] Mod Disable Loading Cinematics loaded! ('C:\Program Files (x86)\Steam\steamapps\common\Cyberpunk 2077\bin\x64\plugins\cyber_engine_tweaks\mods\Disable Loading Cinematics')
[2022-02-19 12:01:42 UTC-05:00] [info] [] Mod Hide Armor loaded! ('C:\Program Files (x86)\Steam\steamapps\common\Cyberpunk 2077\bin\x64\plugins\cyber_engine_tweaks\mods\Hide Armor')
[2022-02-19 12:01:42 UTC-05:00] [info] [] Mod nativeSettings loaded! ('C:\Program Files (x86)\Steam\steamapps\common\Cyberpunk 2077\bin\x64\plugins\cyber_engine_tweaks\mods\nativeSettings')
[2022-02-19 12:02:30 UTC-05:00] [info] [] [NativeSettings] NativeSettings lib initialized!
[2022-02-19 12:02:30 UTC-05:00] [info] [] LuaVM: initialization finished!
[2022-02-19 12:05:21 UTC-05:00] [info] [] Cyber Engine Tweaks startup complete.
[2022-02-19 12:05:21 UTC-05:00] [info] [] Mod Disable Loading Cinematics loaded! ('C:\Program Files (x86)\Steam\steamapps\common\Cyberpunk 2077\bin\x64\plugins\cyber_engine_tweaks\mods\Disable Loading Cinematics')
[2022-02-19 12:05:21 UTC-05:00] [info] [] Mod Hide Armor loaded! ('C:\Program Files (x86)\Steam\steamapps\common\Cyberpunk 2077\bin\x64\plugins\cyber_engine_tweaks\mods\Hide Armor')
[2022-02-19 12:05:21 UTC-05:00] [info] [] Mod nativeSettings loaded! ('C:\Program Files (x86)\Steam\steamapps\common\Cyberpunk 2077\bin\x64\plugins\cyber_engine_tweaks\mods\nativeSettings')
[2022-02-19 12:06:10 UTC-05:00] [info] [] [NativeSettings] NativeSettings lib initialized!
[2022-02-19 12:06:10 UTC-05:00] [info] [] LuaVM: initialization finished!
[2022-02-19 12:34:30 UTC-05:00] [info] [] Cyber Engine Tweaks startup complete.
[2022-02-19 12:34:30 UTC-05:00] [info] [] Mod Disable Loading Cinematics loaded! ('C:\Program Files (x86)\Steam\steamapps\common\Cyberpunk 2077\bin\x64\plugins\cyber_engine_tweaks\mods\Disable Loading Cinematics')
[2022-02-19 12:34:30 UTC-05:00] [info] [] Mod Hide Armor loaded! ('C:\Program Files (x86)\Steam\steamapps\common\Cyberpunk 2077\bin\x64\plugins\cyber_engine_tweaks\mods\Hide Armor')
[2022-02-19 12:34:30 UTC-05:00] [info] [] Mod nativeSettings loaded! ('C:\Program Files (x86)\Steam\steamapps\common\Cyberpunk 2077\bin\x64\plugins\cyber_engine_tweaks\mods\nativeSettings')
[2022-02-19 12:35:19 UTC-05:00] [info] [] [NativeSettings] NativeSettings lib initialized!
[2022-02-19 12:35:19 UTC-05:00] [info] [] LuaVM: initialization finished!
[2022-02-19 12:37:33 UTC-05:00] [info] [] Cyber Engine Tweaks startup complete.
[2022-02-19 12:37:33 UTC-05:00] [info] [] Mod Disable Loading Cinematics loaded! ('C:\Program Files (x86)\Steam\steamapps\common\Cyberpunk 2077\bin\x64\plugins\cyber_engine_tweaks\mods\Disable Loading Cinematics')
[2022-02-19 12:37:33 UTC-05:00] [info] [] Mod Hide Armor loaded! ('C:\Program Files (x86)\Steam\steamapps\common\Cyberpunk 2077\bin\x64\plugins\cyber_engine_tweaks\mods\Hide Armor')
[2022-02-19 12:37:33 UTC-05:00] [info] [] Mod nativeSettings loaded! ('C:\Program Files (x86)\Steam\steamapps\common\Cyberpunk 2077\bin\x64\plugins\cyber_engine_tweaks\mods\nativeSettings')
[2022-02-19 12:38:22 UTC-05:00] [info] [] [NativeSettings] NativeSettings lib initialized!
[2022-02-19 12:38:22 UTC-05:00] [info] [] LuaVM: initialization finished!
[2022-02-19 12:53:43 UTC-05:00] [info] [] Cyber Engine Tweaks startup complete.
[2022-02-19 12:53:43 UTC-05:00] [info] [] Mod Disable Loading Cinematics loaded! ('C:\Program Files (x86)\Steam\steamapps\common\Cyberpunk 2077\bin\x64\plugins\cyber_engine_tweaks\mods\Disable Loading Cinematics')
[2022-02-19 12:53:43 UTC-05:00] [info] [] Mod Hide Armor loaded! ('C:\Program Files (x86)\Steam\steamapps\common\Cyberpunk 2077\bin\x64\plugins\cyber_engine_tweaks\mods\Hide Armor')
[2022-02-19 12:53:43 UTC-05:00] [info] [] Mod nativeSettings loaded! ('C:\Program Files (x86)\Steam\steamapps\common\Cyberpunk 2077\bin\x64\plugins\cyber_engine_tweaks\mods\nativeSettings')
[2022-02-19 12:53:43 UTC-05:00] [info] [] Mod Quest Untracker loaded! ('C:\Program Files (x86)\Steam\steamapps\common\Cyberpunk 2077\bin\x64\plugins\cyber_engine_tweaks\mods\Quest Untracker')
[2022-02-19 12:54:31 UTC-05:00] [error] [] Function OnSavesReady in class SingleplayerMenuGameController does not exist
[2022-02-19 12:54:31 UTC-05:00] [info] [] [NativeSettings] NativeSettings lib initialized!
[2022-02-19 12:54:31 UTC-05:00] [info] [] LuaVM: initialization finished!
[2022-02-19 12:56:23 UTC-05:00] [info] [] Quest Untracker Mod activated
[2022-02-19 12:56:23 UTC-05:00] [info] [] Current quest untracked
[2022-02-19 12:56:23 UTC-05:00] [info] [] Quest Tracker disabled
[2022-02-19 14:35:04 UTC-05:00] [info] [] Cyber Engine Tweaks startup complete.
[2022-02-19 14:35:04 UTC-05:00] [info] [] Mod Disable Loading Cinematics loaded! ('C:\Program Files (x86)\Steam\steamapps\common\Cyberpunk 2077\bin\x64\plugins\cyber_engine_tweaks\mods\Disable Loading Cinematics')
[2022-02-19 14:35:04 UTC-05:00] [info] [] Mod Hide Armor loaded! ('C:\Program Files (x86)\Steam\steamapps\common\Cyberpunk 2077\bin\x64\plugins\cyber_engine_tweaks\mods\Hide Armor')
[2022-02-19 14:35:04 UTC-05:00] [info] [] Mod nativeSettings loaded! ('C:\Program Files (x86)\Steam\steamapps\common\Cyberpunk 2077\bin\x64\plugins\cyber_engine_tweaks\mods\nativeSettings')
[2022-02-19 14:35:04 UTC-05:00] [info] [] Mod Quest Untracker loaded! ('C:\Program Files (x86)\Steam\steamapps\common\Cyberpunk 2077\bin\x64\plugins\cyber_engine_tweaks\mods\Quest Untracker')
[2022-02-19 14:35:55 UTC-05:00] [error] [] Function OnSavesReady in class SingleplayerMenuGameController does not exist
[2022-02-19 14:35:55 UTC-05:00] [info] [] [NativeSettings] NativeSettings lib initialized!
[2022-02-19 14:35:55 UTC-05:00] [info] [] LuaVM: initialization finished!
[2022-02-19 14:37:36 UTC-05:00] [info] [] Quest Untracker Mod activated
[2022-02-19 14:37:36 UTC-05:00] [info] [] Current quest untracked
[2022-02-19 14:37:36 UTC-05:00] [info] [] Quest Tracker disabled
[2022-02-19 14:38:29 UTC-05:00] [info] [] Quest Untracker Mod activated
[2022-02-19 14:38:29 UTC-05:00] [info] [] Current quest untracked
[2022-02-19 14:38:29 UTC-05:00] [info] [] Quest Tracker disabled
[2022-02-19 14:40:35 UTC-05:00] [info] [] Cyber Engine Tweaks startup complete.
[2022-02-19 14:40:35 UTC-05:00] [info] [] Mod Disable Loading Cinematics loaded! ('C:\Program Files (x86)\Steam\steamapps\common\Cyberpunk 2077\bin\x64\plugins\cyber_engine_tweaks\mods\Disable Loading Cinematics')
[2022-02-19 14:40:35 UTC-05:00] [info] [] Mod Hide Armor loaded! ('C:\Program Files (x86)\Steam\steamapps\common\Cyberpunk 2077\bin\x64\plugins\cyber_engine_tweaks\mods\Hide Armor')
[2022-02-19 14:40:35 UTC-05:00] [info] [] Mod nativeSettings loaded! ('C:\Program Files (x86)\Steam\steamapps\common\Cyberpunk 2077\bin\x64\plugins\cyber_engine_tweaks\mods\nativeSettings')
[2022-02-19 14:40:35 UTC-05:00] [info] [] Mod Quest Untracker loaded! ('C:\Program Files (x86)\Steam\steamapps\common\Cyberpunk 2077\bin\x64\plugins\cyber_engine_tweaks\mods\Quest Untracker')
[2022-02-19 14:41:23 UTC-05:00] [error] [] Function OnSavesReady in class SingleplayerMenuGameController does not exist
[2022-02-19 14:41:23 UTC-05:00] [info] [] [NativeSettings] NativeSettings lib initialized!
[2022-02-19 14:41:23 UTC-05:00] [info] [] LuaVM: initialization finished!
[2022-02-19 14:44:12 UTC-05:00] [info] [] Cyber Engine Tweaks startup complete.
[2022-02-19 14:44:12 UTC-05:00] [info] [] Mod Disable Loading Cinematics loaded! ('C:\Program Files (x86)\Steam\steamapps\common\Cyberpunk 2077\bin\x64\plugins\cyber_engine_tweaks\mods\Disable Loading Cinematics')
[2022-02-19 14:44:12 UTC-05:00] [info] [] Mod Hide Armor loaded! ('C:\Program Files (x86)\Steam\steamapps\common\Cyberpunk 2077\bin\x64\plugins\cyber_engine_tweaks\mods\Hide Armor')
[2022-02-19 14:44:12 UTC-05:00] [info] [] Mod nativeSettings loaded! ('C:\Program Files (x86)\Steam\steamapps\common\Cyberpunk 2077\bin\x64\plugins\cyber_engine_tweaks\mods\nativeSettings')
[2022-02-19 14:44:12 UTC-05:00] [info] [] Mod Quest Untracker loaded! ('C:\Program Files (x86)\Steam\steamapps\common\Cyberpunk 2077\bin\x64\plugins\cyber_engine_tweaks\mods\Quest Untracker')
[2022-02-19 14:45:03 UTC-05:00] [error] [] Function OnSavesReady in class SingleplayerMenuGameController does not exist
[2022-02-19 14:45:03 UTC-05:00] [info] [] [NativeSettings] NativeSettings lib initialized!
[2022-02-19 14:45:03 UTC-05:00] [info] [] LuaVM: initialization finished!
[2022-02-19 14:45:20 UTC-05:00] [info] [] Quest Untracker Mod activated
[2022-02-19 14:45:20 UTC-05:00] [info] [] Current quest untracked
[2022-02-19 14:45:20 UTC-05:00] [info] [] Quest Tracker disabled
[2022-02-19 14:45:27 UTC-05:00] [info] [] Quest Untracker Mod activated
[2022-02-19 14:45:27 UTC-05:00] [info] [] Current quest untracked
[2022-02-19 14:45:27 UTC-05:00] [info] [] Quest Tracker disabled
[2022-02-19 14:46:00 UTC-05:00] [info] [] Cyber Engine Tweaks startup complete.
[2022-02-19 14:46:00 UTC-05:00] [info] [] Mod Disable Loading Cinematics loaded! ('C:\Program Files (x86)\Steam\steamapps\common\Cyberpunk 2077\bin\x64\plugins\cyber_engine_tweaks\mods\Disable Loading Cinematics')
[2022-02-19 14:46:00 UTC-05:00] [info] [] Mod Hide Armor loaded! ('C:\Program Files (x86)\Steam\steamapps\common\Cyberpunk 2077\bin\x64\plugins\cyber_engine_tweaks\mods\Hide Armor')
[2022-02-19 14:46:00 UTC-05:00] [info] [] Mod nativeSettings loaded! ('C:\Program Files (x86)\Steam\steamapps\common\Cyberpunk 2077\bin\x64\plugins\cyber_engine_tweaks\mods\nativeSettings')
[2022-02-19 14:46:00 UTC-05:00] [info] [] Mod Quest Untracker loaded! ('C:\Program Files (x86)\Steam\steamapps\common\Cyberpunk 2077\bin\x64\plugins\cyber_engine_tweaks\mods\Quest Untracker')
[2022-02-19 14:46:48 UTC-05:00] [error] [] Function OnSavesReady in class SingleplayerMenuGameController does not exist
[2022-02-19 14:46:48 UTC-05:00] [info] [] [NativeSettings] NativeSettings lib initialized!
[2022-02-19 14:46:48 UTC-05:00] [info] [] LuaVM: initialization finished!
[2022-02-19 15:05:41 UTC-05:00] [info] [] Cyber Engine Tweaks startup complete.
[2022-02-19 15:05:41 UTC-05:00] [info] [] Mod Disable Loading Cinematics loaded! ('C:\Program Files (x86)\Steam\steamapps\common\Cyberpunk 2077\bin\x64\plugins\cyber_engine_tweaks\mods\Disable Loading Cinematics')
[2022-02-19 15:05:41 UTC-05:00] [info] [] Mod Hide Armor loaded! ('C:\Program Files (x86)\Steam\steamapps\common\Cyberpunk 2077\bin\x64\plugins\cyber_engine_tweaks\mods\Hide Armor')
[2022-02-19 15:05:41 UTC-05:00] [info] [] Mod nativeSettings loaded! ('C:\Program Files (x86)\Steam\steamapps\common\Cyberpunk 2077\bin\x64\plugins\cyber_engine_tweaks\mods\nativeSettings')
[2022-02-19 15:05:41 UTC-05:00] [info] [] Mod Quest Untracker loaded! ('C:\Program Files (x86)\Steam\steamapps\common\Cyberpunk 2077\bin\x64\plugins\cyber_engine_tweaks\mods\Quest Untracker')
[2022-02-19 15:06:33 UTC-05:00] [error] [] Function OnSavesReady in class SingleplayerMenuGameController does not exist
